<html>
<head>
<title>TestNG:  Test</title>
<link href="../testng.css" rel="stylesheet" type="text/css" />
<link href="../my-testng.css" rel="stylesheet" type="text/css" />

<style type="text/css">
.log { display: none;} 
.stack-trace { display: none;} 
</style>
<script type="text/javascript">
<!--
function flip(e) {
  current = e.style.display;
  if (current == 'block') {
    e.style.display = 'none';
    return 0;
  }
  else {
    e.style.display = 'block';
    return 1;
  }
}

function toggleBox(szDivId, elem, msg1, msg2)
{
  var res = -1;  if (document.getElementById) {
    res = flip(document.getElementById(szDivId));
  }
  else if (document.all) {
    // this is the way old msie versions work
    res = flip(document.all[szDivId]);
  }
  if(elem) {
    if(res == 0) elem.innerHTML = msg1; else elem.innerHTML = msg2;
  }

}

function toggleAllBoxes() {
  if (document.getElementsByTagName) {
    d = document.getElementsByTagName('div');
    for (i = 0; i < d.length; i++) {
      if (d[i].className == 'log') {
        flip(d[i]);
      }
    }
  }
}

// -->
</script>

</head>
<body>
<h2 align='center'>Test</h2><table border='1' align="center">
<tr>
<td>Tests passed/Failed/Skipped:</td><td>21/6/0</td>
</tr><tr>
<td>Started on:</td><td>Tue Sep 13 18:07:13 IST 2022</td>
</tr>
<tr><td>Total time:</td><td>14 seconds (14247 ms)</td>
</tr><tr>
<td>Included groups:</td><td></td>
</tr><tr>
<td>Excluded groups:</td><td></td>
</tr>
</table><p/>
<small><i>(Hover the method name to see the test class name)</i></small><p/>
<table width='100%' border='1' class='invocation-failed'>
<tr><td colspan='4' align='center'><b>FAILED TESTS</b></td></tr>
<tr><td><b>Test method</b></td>
<td width="30%"><b>Exception</b></td>
<td width="10%"><b>Time (seconds)</b></td>
<td><b>Instance</b></td>
</tr>
<tr>
<td title='com.employee.TestCases.TC003_POST_EmployeeRecord.checkContentEncoding()'><b>checkContentEncoding</b><br>Test class: com.employee.TestCases.TC003_POST_EmployeeRecord</td>
<td><div><pre>java.lang.AssertionError: expected [gzip] but found [null]
	at com.employee.TestCases.TC003_POST_EmployeeRecord.checkContentEncoding(TC003_POST_EmployeeRecord.java:78)
	at java.util.ArrayList.forEach(Unknown Source)
... Removed 33 stack frames</pre></div><a href='#' onClick='toggleBox("stack-trace235151116", this, "Click to show all stack frames", "Click to hide stack frames")'>Click to show all stack frames</a>
<div class='stack-trace' id='stack-trace235151116'><pre>java.lang.AssertionError: expected [gzip] but found [null]
	at org.testng.Assert.fail(Assert.java:97)
	at org.testng.Assert.failNotEquals(Assert.java:969)
	at org.testng.Assert.assertEqualsImpl(Assert.java:131)
	at org.testng.Assert.assertEquals(Assert.java:118)
	at org.testng.Assert.assertEquals(Assert.java:575)
	at org.testng.Assert.assertEquals(Assert.java:585)
	at com.employee.TestCases.TC003_POST_EmployeeRecord.checkContentEncoding(TC003_POST_EmployeeRecord.java:78)
	at sun.reflect.NativeMethodAccessorImpl.invoke0(Native Method)
	at sun.reflect.NativeMethodAccessorImpl.invoke(Unknown Source)
	at sun.reflect.DelegatingMethodAccessorImpl.invoke(Unknown Source)
	at java.lang.reflect.Method.invoke(Unknown Source)
	at org.testng.internal.MethodInvocationHelper.invokeMethod(MethodInvocationHelper.java:134)
	at org.testng.internal.TestInvoker.invokeMethod(TestInvoker.java:597)
	at org.testng.internal.TestInvoker.invokeTestMethod(TestInvoker.java:173)
	at org.testng.internal.MethodRunner.runInSequence(MethodRunner.java:46)
	at org.testng.internal.TestInvoker$MethodInvocationAgent.invoke(TestInvoker.java:816)
	at org.testng.internal.TestInvoker.invokeTestMethods(TestInvoker.java:146)
	at org.testng.internal.TestMethodWorker.invokeTestMethods(TestMethodWorker.java:146)
	at org.testng.internal.TestMethodWorker.run(TestMethodWorker.java:128)
	at java.util.ArrayList.forEach(Unknown Source)
	at org.testng.TestRunner.privateRun(TestRunner.java:766)
	at org.testng.TestRunner.run(TestRunner.java:587)
	at org.testng.SuiteRunner.runTest(SuiteRunner.java:384)
	at org.testng.SuiteRunner.runSequentially(SuiteRunner.java:378)
	at org.testng.SuiteRunner.privateRun(SuiteRunner.java:337)
	at org.testng.SuiteRunner.run(SuiteRunner.java:286)
	at org.testng.SuiteRunnerWorker.runSuite(SuiteRunnerWorker.java:53)
	at org.testng.SuiteRunnerWorker.run(SuiteRunnerWorker.java:96)
	at org.testng.TestNG.runSuitesSequentially(TestNG.java:1187)
	at org.testng.TestNG.runSuitesLocally(TestNG.java:1109)
	at org.testng.TestNG.runSuites(TestNG.java:1039)
	at org.testng.TestNG.run(TestNG.java:1007)
	at org.testng.remote.AbstractRemoteTestNG.run(AbstractRemoteTestNG.java:115)
	at org.testng.remote.RemoteTestNG.initAndRun(RemoteTestNG.java:251)
	at org.testng.remote.RemoteTestNG.main(RemoteTestNG.java:77)
</pre></div></td>
<td>0</td>
<td>com.employee.TestCases.TC003_POST_EmployeeRecord@167fdd33</td></tr>
<tr>
<td title='com.employee.TestCases.TC004_PUT_UpdateRecord.checkContentEncoding()'><b>checkContentEncoding</b><br>Test class: com.employee.TestCases.TC004_PUT_UpdateRecord</td>
<td><div><pre>java.lang.AssertionError: expected [gzip] but found [null]
	at com.employee.TestCases.TC004_PUT_UpdateRecord.checkContentEncoding(TC004_PUT_UpdateRecord.java:78)
	at java.util.ArrayList.forEach(Unknown Source)
... Removed 33 stack frames</pre></div><a href='#' onClick='toggleBox("stack-trace953528583", this, "Click to show all stack frames", "Click to hide stack frames")'>Click to show all stack frames</a>
<div class='stack-trace' id='stack-trace953528583'><pre>java.lang.AssertionError: expected [gzip] but found [null]
	at org.testng.Assert.fail(Assert.java:97)
	at org.testng.Assert.failNotEquals(Assert.java:969)
	at org.testng.Assert.assertEqualsImpl(Assert.java:131)
	at org.testng.Assert.assertEquals(Assert.java:118)
	at org.testng.Assert.assertEquals(Assert.java:575)
	at org.testng.Assert.assertEquals(Assert.java:585)
	at com.employee.TestCases.TC004_PUT_UpdateRecord.checkContentEncoding(TC004_PUT_UpdateRecord.java:78)
	at sun.reflect.NativeMethodAccessorImpl.invoke0(Native Method)
	at sun.reflect.NativeMethodAccessorImpl.invoke(Unknown Source)
	at sun.reflect.DelegatingMethodAccessorImpl.invoke(Unknown Source)
	at java.lang.reflect.Method.invoke(Unknown Source)
	at org.testng.internal.MethodInvocationHelper.invokeMethod(MethodInvocationHelper.java:134)
	at org.testng.internal.TestInvoker.invokeMethod(TestInvoker.java:597)
	at org.testng.internal.TestInvoker.invokeTestMethod(TestInvoker.java:173)
	at org.testng.internal.MethodRunner.runInSequence(MethodRunner.java:46)
	at org.testng.internal.TestInvoker$MethodInvocationAgent.invoke(TestInvoker.java:816)
	at org.testng.internal.TestInvoker.invokeTestMethods(TestInvoker.java:146)
	at org.testng.internal.TestMethodWorker.invokeTestMethods(TestMethodWorker.java:146)
	at org.testng.internal.TestMethodWorker.run(TestMethodWorker.java:128)
	at java.util.ArrayList.forEach(Unknown Source)
	at org.testng.TestRunner.privateRun(TestRunner.java:766)
	at org.testng.TestRunner.run(TestRunner.java:587)
	at org.testng.SuiteRunner.runTest(SuiteRunner.java:384)
	at org.testng.SuiteRunner.runSequentially(SuiteRunner.java:378)
	at org.testng.SuiteRunner.privateRun(SuiteRunner.java:337)
	at org.testng.SuiteRunner.run(SuiteRunner.java:286)
	at org.testng.SuiteRunnerWorker.runSuite(SuiteRunnerWorker.java:53)
	at org.testng.SuiteRunnerWorker.run(SuiteRunnerWorker.java:96)
	at org.testng.TestNG.runSuitesSequentially(TestNG.java:1187)
	at org.testng.TestNG.runSuitesLocally(TestNG.java:1109)
	at org.testng.TestNG.runSuites(TestNG.java:1039)
	at org.testng.TestNG.run(TestNG.java:1007)
	at org.testng.remote.AbstractRemoteTestNG.run(AbstractRemoteTestNG.java:115)
	at org.testng.remote.RemoteTestNG.initAndRun(RemoteTestNG.java:251)
	at org.testng.remote.RemoteTestNG.main(RemoteTestNG.java:77)
</pre></div></td>
<td>0</td>
<td>com.employee.TestCases.TC004_PUT_UpdateRecord@1e965684</td></tr>
<tr>
<td title='com.employee.TestCases.TC005_DELETERecord.checkResponseBody()'><b>checkResponseBody</b><br>Test class: com.employee.TestCases.TC005_DELETERecord</td>
<td><div><pre>java.lang.AssertionError: expected [true] but found [false]
	at com.employee.TestCases.TC005_DELETERecord.checkResponseBody(TC005_DELETERecord.java:53)
	at java.util.ArrayList.forEach(Unknown Source)
... Removed 32 stack frames</pre></div><a href='#' onClick='toggleBox("stack-trace848958019", this, "Click to show all stack frames", "Click to hide stack frames")'>Click to show all stack frames</a>
<div class='stack-trace' id='stack-trace848958019'><pre>java.lang.AssertionError: expected [true] but found [false]
	at org.testng.Assert.fail(Assert.java:97)
	at org.testng.Assert.assertEqualsImpl(Assert.java:136)
	at org.testng.Assert.assertEquals(Assert.java:118)
	at org.testng.Assert.assertEquals(Assert.java:751)
	at org.testng.Assert.assertEquals(Assert.java:761)
	at com.employee.TestCases.TC005_DELETERecord.checkResponseBody(TC005_DELETERecord.java:53)
	at sun.reflect.NativeMethodAccessorImpl.invoke0(Native Method)
	at sun.reflect.NativeMethodAccessorImpl.invoke(Unknown Source)
	at sun.reflect.DelegatingMethodAccessorImpl.invoke(Unknown Source)
	at java.lang.reflect.Method.invoke(Unknown Source)
	at org.testng.internal.MethodInvocationHelper.invokeMethod(MethodInvocationHelper.java:134)
	at org.testng.internal.TestInvoker.invokeMethod(TestInvoker.java:597)
	at org.testng.internal.TestInvoker.invokeTestMethod(TestInvoker.java:173)
	at org.testng.internal.MethodRunner.runInSequence(MethodRunner.java:46)
	at org.testng.internal.TestInvoker$MethodInvocationAgent.invoke(TestInvoker.java:816)
	at org.testng.internal.TestInvoker.invokeTestMethods(TestInvoker.java:146)
	at org.testng.internal.TestMethodWorker.invokeTestMethods(TestMethodWorker.java:146)
	at org.testng.internal.TestMethodWorker.run(TestMethodWorker.java:128)
	at java.util.ArrayList.forEach(Unknown Source)
	at org.testng.TestRunner.privateRun(TestRunner.java:766)
	at org.testng.TestRunner.run(TestRunner.java:587)
	at org.testng.SuiteRunner.runTest(SuiteRunner.java:384)
	at org.testng.SuiteRunner.runSequentially(SuiteRunner.java:378)
	at org.testng.SuiteRunner.privateRun(SuiteRunner.java:337)
	at org.testng.SuiteRunner.run(SuiteRunner.java:286)
	at org.testng.SuiteRunnerWorker.runSuite(SuiteRunnerWorker.java:53)
	at org.testng.SuiteRunnerWorker.run(SuiteRunnerWorker.java:96)
	at org.testng.TestNG.runSuitesSequentially(TestNG.java:1187)
	at org.testng.TestNG.runSuitesLocally(TestNG.java:1109)
	at org.testng.TestNG.runSuites(TestNG.java:1039)
	at org.testng.TestNG.run(TestNG.java:1007)
	at org.testng.remote.AbstractRemoteTestNG.run(AbstractRemoteTestNG.java:115)
	at org.testng.remote.RemoteTestNG.initAndRun(RemoteTestNG.java:251)
	at org.testng.remote.RemoteTestNG.main(RemoteTestNG.java:77)
</pre></div></td>
<td>0</td>
<td>com.employee.TestCases.TC005_DELETERecord@5f282abb</td></tr>
<tr>
<td title='com.employee.TestCases.TC003_POST_EmployeeRecord.checkServerType()'><b>checkServerType</b><br>Test class: com.employee.TestCases.TC003_POST_EmployeeRecord</td>
<td><div><pre>java.lang.AssertionError: expected [nginx] but found [Apache]
	at com.employee.TestCases.TC003_POST_EmployeeRecord.checkServerType(TC003_POST_EmployeeRecord.java:69)
	at java.util.ArrayList.forEach(Unknown Source)
... Removed 32 stack frames</pre></div><a href='#' onClick='toggleBox("stack-trace300811000", this, "Click to show all stack frames", "Click to hide stack frames")'>Click to show all stack frames</a>
<div class='stack-trace' id='stack-trace300811000'><pre>java.lang.AssertionError: expected [nginx] but found [Apache]
	at org.testng.Assert.fail(Assert.java:97)
	at org.testng.Assert.assertEqualsImpl(Assert.java:136)
	at org.testng.Assert.assertEquals(Assert.java:118)
	at org.testng.Assert.assertEquals(Assert.java:575)
	at org.testng.Assert.assertEquals(Assert.java:585)
	at com.employee.TestCases.TC003_POST_EmployeeRecord.checkServerType(TC003_POST_EmployeeRecord.java:69)
	at sun.reflect.NativeMethodAccessorImpl.invoke0(Native Method)
	at sun.reflect.NativeMethodAccessorImpl.invoke(Unknown Source)
	at sun.reflect.DelegatingMethodAccessorImpl.invoke(Unknown Source)
	at java.lang.reflect.Method.invoke(Unknown Source)
	at org.testng.internal.MethodInvocationHelper.invokeMethod(MethodInvocationHelper.java:134)
	at org.testng.internal.TestInvoker.invokeMethod(TestInvoker.java:597)
	at org.testng.internal.TestInvoker.invokeTestMethod(TestInvoker.java:173)
	at org.testng.internal.MethodRunner.runInSequence(MethodRunner.java:46)
	at org.testng.internal.TestInvoker$MethodInvocationAgent.invoke(TestInvoker.java:816)
	at org.testng.internal.TestInvoker.invokeTestMethods(TestInvoker.java:146)
	at org.testng.internal.TestMethodWorker.invokeTestMethods(TestMethodWorker.java:146)
	at org.testng.internal.TestMethodWorker.run(TestMethodWorker.java:128)
	at java.util.ArrayList.forEach(Unknown Source)
	at org.testng.TestRunner.privateRun(TestRunner.java:766)
	at org.testng.TestRunner.run(TestRunner.java:587)
	at org.testng.SuiteRunner.runTest(SuiteRunner.java:384)
	at org.testng.SuiteRunner.runSequentially(SuiteRunner.java:378)
	at org.testng.SuiteRunner.privateRun(SuiteRunner.java:337)
	at org.testng.SuiteRunner.run(SuiteRunner.java:286)
	at org.testng.SuiteRunnerWorker.runSuite(SuiteRunnerWorker.java:53)
	at org.testng.SuiteRunnerWorker.run(SuiteRunnerWorker.java:96)
	at org.testng.TestNG.runSuitesSequentially(TestNG.java:1187)
	at org.testng.TestNG.runSuitesLocally(TestNG.java:1109)
	at org.testng.TestNG.runSuites(TestNG.java:1039)
	at org.testng.TestNG.run(TestNG.java:1007)
	at org.testng.remote.AbstractRemoteTestNG.run(AbstractRemoteTestNG.java:115)
	at org.testng.remote.RemoteTestNG.initAndRun(RemoteTestNG.java:251)
	at org.testng.remote.RemoteTestNG.main(RemoteTestNG.java:77)
</pre></div></td>
<td>0</td>
<td>com.employee.TestCases.TC003_POST_EmployeeRecord@167fdd33</td></tr>
<tr>
<td title='com.employee.TestCases.TC005_DELETERecord.checkStatusCode()'><b>checkStatusCode</b><br>Test class: com.employee.TestCases.TC005_DELETERecord</td>
<td><div><pre>java.lang.AssertionError: expected [200] but found [429]
	at com.employee.TestCases.TC005_DELETERecord.checkStatusCode(TC005_DELETERecord.java:35)
	at java.util.ArrayList.forEach(Unknown Source)
... Removed 32 stack frames</pre></div><a href='#' onClick='toggleBox("stack-trace758465579", this, "Click to show all stack frames", "Click to hide stack frames")'>Click to show all stack frames</a>
<div class='stack-trace' id='stack-trace758465579'><pre>java.lang.AssertionError: expected [200] but found [429]
	at org.testng.Assert.fail(Assert.java:97)
	at org.testng.Assert.assertEqualsImpl(Assert.java:136)
	at org.testng.Assert.assertEquals(Assert.java:118)
	at org.testng.Assert.assertEquals(Assert.java:839)
	at org.testng.Assert.assertEquals(Assert.java:849)
	at com.employee.TestCases.TC005_DELETERecord.checkStatusCode(TC005_DELETERecord.java:35)
	at sun.reflect.NativeMethodAccessorImpl.invoke0(Native Method)
	at sun.reflect.NativeMethodAccessorImpl.invoke(Unknown Source)
	at sun.reflect.DelegatingMethodAccessorImpl.invoke(Unknown Source)
	at java.lang.reflect.Method.invoke(Unknown Source)
	at org.testng.internal.MethodInvocationHelper.invokeMethod(MethodInvocationHelper.java:134)
	at org.testng.internal.TestInvoker.invokeMethod(TestInvoker.java:597)
	at org.testng.internal.TestInvoker.invokeTestMethod(TestInvoker.java:173)
	at org.testng.internal.MethodRunner.runInSequence(MethodRunner.java:46)
	at org.testng.internal.TestInvoker$MethodInvocationAgent.invoke(TestInvoker.java:816)
	at org.testng.internal.TestInvoker.invokeTestMethods(TestInvoker.java:146)
	at org.testng.internal.TestMethodWorker.invokeTestMethods(TestMethodWorker.java:146)
	at org.testng.internal.TestMethodWorker.run(TestMethodWorker.java:128)
	at java.util.ArrayList.forEach(Unknown Source)
	at org.testng.TestRunner.privateRun(TestRunner.java:766)
	at org.testng.TestRunner.run(TestRunner.java:587)
	at org.testng.SuiteRunner.runTest(SuiteRunner.java:384)
	at org.testng.SuiteRunner.runSequentially(SuiteRunner.java:378)
	at org.testng.SuiteRunner.privateRun(SuiteRunner.java:337)
	at org.testng.SuiteRunner.run(SuiteRunner.java:286)
	at org.testng.SuiteRunnerWorker.runSuite(SuiteRunnerWorker.java:53)
	at org.testng.SuiteRunnerWorker.run(SuiteRunnerWorker.java:96)
	at org.testng.TestNG.runSuitesSequentially(TestNG.java:1187)
	at org.testng.TestNG.runSuitesLocally(TestNG.java:1109)
	at org.testng.TestNG.runSuites(TestNG.java:1039)
	at org.testng.TestNG.run(TestNG.java:1007)
	at org.testng.remote.AbstractRemoteTestNG.run(AbstractRemoteTestNG.java:115)
	at org.testng.remote.RemoteTestNG.initAndRun(RemoteTestNG.java:251)
	at org.testng.remote.RemoteTestNG.main(RemoteTestNG.java:77)
</pre></div></td>
<td>0</td>
<td>com.employee.TestCases.TC005_DELETERecord@5f282abb</td></tr>
<tr>
<td title='com.employee.TestCases.TC005_DELETERecord.checkStatusLine()'><b>checkStatusLine</b><br>Test class: com.employee.TestCases.TC005_DELETERecord</td>
<td><div><pre>java.lang.AssertionError: expected [HTTP/1.1 200 OK] but found [HTTP/1.1 429 Too Many Requests]
	at com.employee.TestCases.TC005_DELETERecord.checkStatusLine(TC005_DELETERecord.java:44)
	at java.util.ArrayList.forEach(Unknown Source)
... Removed 32 stack frames</pre></div><a href='#' onClick='toggleBox("stack-trace1167327028", this, "Click to show all stack frames", "Click to hide stack frames")'>Click to show all stack frames</a>
<div class='stack-trace' id='stack-trace1167327028'><pre>java.lang.AssertionError: expected [HTTP/1.1 200 OK] but found [HTTP/1.1 429 Too Many Requests]
	at org.testng.Assert.fail(Assert.java:97)
	at org.testng.Assert.assertEqualsImpl(Assert.java:136)
	at org.testng.Assert.assertEquals(Assert.java:118)
	at org.testng.Assert.assertEquals(Assert.java:575)
	at org.testng.Assert.assertEquals(Assert.java:585)
	at com.employee.TestCases.TC005_DELETERecord.checkStatusLine(TC005_DELETERecord.java:44)
	at sun.reflect.NativeMethodAccessorImpl.invoke0(Native Method)
	at sun.reflect.NativeMethodAccessorImpl.invoke(Unknown Source)
	at sun.reflect.DelegatingMethodAccessorImpl.invoke(Unknown Source)
	at java.lang.reflect.Method.invoke(Unknown Source)
	at org.testng.internal.MethodInvocationHelper.invokeMethod(MethodInvocationHelper.java:134)
	at org.testng.internal.TestInvoker.invokeMethod(TestInvoker.java:597)
	at org.testng.internal.TestInvoker.invokeTestMethod(TestInvoker.java:173)
	at org.testng.internal.MethodRunner.runInSequence(MethodRunner.java:46)
	at org.testng.internal.TestInvoker$MethodInvocationAgent.invoke(TestInvoker.java:816)
	at org.testng.internal.TestInvoker.invokeTestMethods(TestInvoker.java:146)
	at org.testng.internal.TestMethodWorker.invokeTestMethods(TestMethodWorker.java:146)
	at org.testng.internal.TestMethodWorker.run(TestMethodWorker.java:128)
	at java.util.ArrayList.forEach(Unknown Source)
	at org.testng.TestRunner.privateRun(TestRunner.java:766)
	at org.testng.TestRunner.run(TestRunner.java:587)
	at org.testng.SuiteRunner.runTest(SuiteRunner.java:384)
	at org.testng.SuiteRunner.runSequentially(SuiteRunner.java:378)
	at org.testng.SuiteRunner.privateRun(SuiteRunner.java:337)
	at org.testng.SuiteRunner.run(SuiteRunner.java:286)
	at org.testng.SuiteRunnerWorker.runSuite(SuiteRunnerWorker.java:53)
	at org.testng.SuiteRunnerWorker.run(SuiteRunnerWorker.java:96)
	at org.testng.TestNG.runSuitesSequentially(TestNG.java:1187)
	at org.testng.TestNG.runSuitesLocally(TestNG.java:1109)
	at org.testng.TestNG.runSuites(TestNG.java:1039)
	at org.testng.TestNG.run(TestNG.java:1007)
	at org.testng.remote.AbstractRemoteTestNG.run(AbstractRemoteTestNG.java:115)
	at org.testng.remote.RemoteTestNG.initAndRun(RemoteTestNG.java:251)
	at org.testng.remote.RemoteTestNG.main(RemoteTestNG.java:77)
</pre></div></td>
<td>0</td>
<td>com.employee.TestCases.TC005_DELETERecord@5f282abb</td></tr>
</table><p>
<table width='100%' border='1' class='invocation-passed'>
<tr><td colspan='4' align='center'><b>PASSED TESTS</b></td></tr>
<tr><td><b>Test method</b></td>
<td width="30%"><b>Exception</b></td>
<td width="10%"><b>Time (seconds)</b></td>
<td><b>Instance</b></td>
</tr>
<tr>
<td title='com.employee.TestCases.TC001_GET_AllEmployeeData.checkContentEncoding()'><b>checkContentEncoding</b><br>Test class: com.employee.TestCases.TC001_GET_AllEmployeeData</td>
<td></td>
<td>0</td>
<td>com.employee.TestCases.TC001_GET_AllEmployeeData@1d29cf23</td></tr>
<tr>
<td title='com.employee.TestCases.TC001_GET_AllEmployeeData.checkResponseBody()'><b>checkResponseBody</b><br>Test class: com.employee.TestCases.TC001_GET_AllEmployeeData</td>
<td></td>
<td>0</td>
<td>com.employee.TestCases.TC001_GET_AllEmployeeData@1d29cf23</td></tr>
<tr>
<td title='com.employee.TestCases.TC003_POST_EmployeeRecord.checkResponseBody()'><b>checkResponseBody</b><br>Test class: com.employee.TestCases.TC003_POST_EmployeeRecord</td>
<td></td>
<td>0</td>
<td>com.employee.TestCases.TC003_POST_EmployeeRecord@167fdd33</td></tr>
<tr>
<td title='com.employee.TestCases.TC004_PUT_UpdateRecord.checkResponseBody()'><b>checkResponseBody</b><br>Test class: com.employee.TestCases.TC004_PUT_UpdateRecord</td>
<td></td>
<td>0</td>
<td>com.employee.TestCases.TC004_PUT_UpdateRecord@1e965684</td></tr>
<tr>
<td title='com.employee.TestCases.TC002_GET_SingleEmployeeData.checkResponseBody()'><b>checkResponseBody</b><br>Test class: com.employee.TestCases.TC002_GET_SingleEmployeeData</td>
<td></td>
<td>0</td>
<td>com.employee.TestCases.TC002_GET_SingleEmployeeData@4d95d2a2</td></tr>
<tr>
<td title='com.employee.TestCases.TC001_GET_AllEmployeeData.checkResponseTime()'><b>checkResponseTime</b><br>Test class: com.employee.TestCases.TC001_GET_AllEmployeeData</td>
<td></td>
<td>0</td>
<td>com.employee.TestCases.TC001_GET_AllEmployeeData@1d29cf23</td></tr>
<tr>
<td title='com.employee.TestCases.TC003_POST_EmployeeRecord.checkResponseTime()'><b>checkResponseTime</b><br>Test class: com.employee.TestCases.TC003_POST_EmployeeRecord</td>
<td></td>
<td>0</td>
<td>com.employee.TestCases.TC003_POST_EmployeeRecord@167fdd33</td></tr>
<tr>
<td title='com.employee.TestCases.TC004_PUT_UpdateRecord.checkResponseTime()'><b>checkResponseTime</b><br>Test class: com.employee.TestCases.TC004_PUT_UpdateRecord</td>
<td></td>
<td>0</td>
<td>com.employee.TestCases.TC004_PUT_UpdateRecord@1e965684</td></tr>
<tr>
<td title='com.employee.TestCases.TC002_GET_SingleEmployeeData.checkResponseTime()'><b>checkResponseTime</b><br>Test class: com.employee.TestCases.TC002_GET_SingleEmployeeData</td>
<td></td>
<td>0</td>
<td>com.employee.TestCases.TC002_GET_SingleEmployeeData@4d95d2a2</td></tr>
<tr>
<td title='com.employee.TestCases.TC001_GET_AllEmployeeData.checkServerType()'><b>checkServerType</b><br>Test class: com.employee.TestCases.TC001_GET_AllEmployeeData</td>
<td></td>
<td>0</td>
<td>com.employee.TestCases.TC001_GET_AllEmployeeData@1d29cf23</td></tr>
<tr>
<td title='com.employee.TestCases.TC004_PUT_UpdateRecord.checkServerType()'><b>checkServerType</b><br>Test class: com.employee.TestCases.TC004_PUT_UpdateRecord</td>
<td></td>
<td>0</td>
<td>com.employee.TestCases.TC004_PUT_UpdateRecord@1e965684</td></tr>
<tr>
<td title='com.employee.TestCases.TC001_GET_AllEmployeeData.checkStatusCode()'><b>checkStatusCode</b><br>Test class: com.employee.TestCases.TC001_GET_AllEmployeeData</td>
<td></td>
<td>0</td>
<td>com.employee.TestCases.TC001_GET_AllEmployeeData@1d29cf23</td></tr>
<tr>
<td title='com.employee.TestCases.TC003_POST_EmployeeRecord.checkStatusCode()'><b>checkStatusCode</b><br>Test class: com.employee.TestCases.TC003_POST_EmployeeRecord</td>
<td></td>
<td>0</td>
<td>com.employee.TestCases.TC003_POST_EmployeeRecord@167fdd33</td></tr>
<tr>
<td title='com.employee.TestCases.TC004_PUT_UpdateRecord.checkStatusCode()'><b>checkStatusCode</b><br>Test class: com.employee.TestCases.TC004_PUT_UpdateRecord</td>
<td></td>
<td>0</td>
<td>com.employee.TestCases.TC004_PUT_UpdateRecord@1e965684</td></tr>
<tr>
<td title='com.employee.TestCases.TC002_GET_SingleEmployeeData.checkStatusCode()'><b>checkStatusCode</b><br>Test class: com.employee.TestCases.TC002_GET_SingleEmployeeData</td>
<td></td>
<td>0</td>
<td>com.employee.TestCases.TC002_GET_SingleEmployeeData@4d95d2a2</td></tr>
<tr>
<td title='com.employee.TestCases.TC001_GET_AllEmployeeData.checkStatusLine()'><b>checkStatusLine</b><br>Test class: com.employee.TestCases.TC001_GET_AllEmployeeData</td>
<td></td>
<td>0</td>
<td>com.employee.TestCases.TC001_GET_AllEmployeeData@1d29cf23</td></tr>
<tr>
<td title='com.employee.TestCases.TC003_POST_EmployeeRecord.checkStatusLine()'><b>checkStatusLine</b><br>Test class: com.employee.TestCases.TC003_POST_EmployeeRecord</td>
<td></td>
<td>0</td>
<td>com.employee.TestCases.TC003_POST_EmployeeRecord@167fdd33</td></tr>
<tr>
<td title='com.employee.TestCases.TC004_PUT_UpdateRecord.checkStatusLine()'><b>checkStatusLine</b><br>Test class: com.employee.TestCases.TC004_PUT_UpdateRecord</td>
<td></td>
<td>0</td>
<td>com.employee.TestCases.TC004_PUT_UpdateRecord@1e965684</td></tr>
<tr>
<td title='com.employee.TestCases.TC001_GET_AllEmployeeData.tearDown()'><b>tearDown</b><br>Test class: com.employee.TestCases.TC001_GET_AllEmployeeData</td>
<td></td>
<td>0</td>
<td>com.employee.TestCases.TC001_GET_AllEmployeeData@1d29cf23</td></tr>
<tr>
<td title='com.employee.TestCases.TC003_POST_EmployeeRecord.tearDown()'><b>tearDown</b><br>Test class: com.employee.TestCases.TC003_POST_EmployeeRecord</td>
<td></td>
<td>0</td>
<td>com.employee.TestCases.TC003_POST_EmployeeRecord@167fdd33</td></tr>
<tr>
<td title='com.employee.TestCases.TC004_PUT_UpdateRecord.tearDown()'><b>tearDown</b><br>Test class: com.employee.TestCases.TC004_PUT_UpdateRecord</td>
<td></td>
<td>0</td>
<td>com.employee.TestCases.TC004_PUT_UpdateRecord@1e965684</td></tr>
</table><p>
</body>
</html>